--------------------------------------------------------------------------------
Release 14.7 Trace  (nt64)
Copyright (c) 1995-2013 Xilinx, Inc.  All rights reserved.

C:\Xilinx\14.7\ISE_DS\ISE\bin\nt64\unwrapped\trce.exe -intstyle ise -v 3 -s 2I
-n 3 -fastpaths -xml Carry_Look_Ahead.twx Carry_Look_Ahead.ncd -o
Carry_Look_Ahead.twr Carry_Look_Ahead.pcf

Design file:              Carry_Look_Ahead.ncd
Physical constraint file: Carry_Look_Ahead.pcf
Device,package,speed:     xa7a100t,csg324,I,-2I (PRELIMINARY 1.07 2013-10-13)
Report level:             verbose report

Environment Variable      Effect 
--------------------      ------ 
NONE                      No environment variables were set
--------------------------------------------------------------------------------

INFO:Timing:2698 - No timing constraints found, doing default enumeration.
INFO:Timing:3412 - To improve timing, see the Timing Closure User Guide (UG612).
INFO:Timing:2752 - To get complete path coverage, use the unconstrained paths 
   option. All paths that are not constrained will be reported in the 
   unconstrained paths section(s) of the report.
INFO:Timing:3339 - The clock-to-out numbers in this timing report are based on 
   a 50 Ohm transmission line loading model.  For the details of this model, 
   and for more information on accounting for different loading conditions, 
   please see the device datasheet.



Data Sheet report:
-----------------
All values displayed in nanoseconds (ns)

Pad to Pad
---------------+---------------+---------+
Source Pad     |Destination Pad|  Delay  |
---------------+---------------+---------+
A<0>           |Cout           |    6.083|
A<0>           |S<0>           |    5.940|
A<0>           |S<1>           |    5.811|
A<0>           |S<2>           |    5.984|
A<0>           |S<3>           |    6.388|
A<1>           |Cout           |    6.650|
A<1>           |S<1>           |    6.385|
A<1>           |S<2>           |    6.551|
A<1>           |S<3>           |    6.955|
A<2>           |Cout           |    6.133|
A<2>           |S<2>           |    6.107|
A<2>           |S<3>           |    6.455|
A<3>           |Cout           |    5.965|
A<3>           |S<3>           |    6.278|
B<0>           |Cout           |    6.525|
B<0>           |S<0>           |    6.048|
B<0>           |S<1>           |    6.264|
B<0>           |S<2>           |    6.426|
B<0>           |S<3>           |    6.830|
B<1>           |Cout           |    6.312|
B<1>           |S<1>           |    6.058|
B<1>           |S<2>           |    6.213|
B<1>           |S<3>           |    6.617|
B<2>           |Cout           |    5.946|
B<2>           |S<2>           |    5.911|
B<2>           |S<3>           |    6.262|
B<3>           |Cout           |    5.753|
B<3>           |S<3>           |    6.076|
Cin            |Cout           |    6.520|
Cin            |S<0>           |    5.870|
Cin            |S<1>           |    6.265|
Cin            |S<2>           |    6.421|
Cin            |S<3>           |    6.825|
---------------+---------------+---------+


Analysis completed Tue Apr 13 23:50:29 2021 
--------------------------------------------------------------------------------

Trace Settings:
-------------------------
Trace Settings 

Peak Memory Usage: 4951 MB



