Running: C:\Xilinx\14.7\ISE_DS\ISE\bin\nt64\unwrapped\fuse.exe -intstyle ise -incremental -lib secureip -o C:/Users/Anformatic Golestan/Documents/Computer Architecture Lab/05/lab5_mult/mult_tb_isim_beh.exe -prj C:/Users/Anformatic Golestan/Documents/Computer Architecture Lab/05/lab5_mult/mult_tb_beh.prj work.mult_tb 
ISim P.20131013 (signature 0x7708f090)
Number of CPUs detected in this system: 12
Turning on mult-threading, number of parallel sub-compilation jobs: 24 
Determining compilation order of HDL files
Parsing VHDL file "C:/Users/Anformatic Golestan/Documents/Computer Architecture Lab/05/lab5_mult/HA.vhd" into library work
Parsing VHDL file "C:/Users/Anformatic Golestan/Documents/Computer Architecture Lab/05/lab5_mult/FA.vhd" into library work
Parsing VHDL file "C:/Users/Anformatic Golestan/Documents/Computer Architecture Lab/05/lab5_mult/mult4bit.vhd" into library work
Parsing VHDL file "C:/Users/Anformatic Golestan/Documents/Computer Architecture Lab/05/lab5_mult/mult_tb.vhd" into library work
Starting static elaboration
Completed static elaboration
Compiling package standard
Compiling package std_logic_1164
Compiling package std_logic_arith
Compiling package std_logic_unsigned
Compiling architecture dataflow of entity HA [ha_default]
Compiling architecture structural of entity FA [fa_default]
Compiling architecture behavioral of entity matrixMault [matrixmault_default]
Compiling architecture behavior of entity mult_tb
Time Resolution for simulation is 1ps.
Compiled 11 VHDL Units
Built simulation executable C:/Users/Anformatic Golestan/Documents/Computer Architecture Lab/05/lab5_mult/mult_tb_isim_beh.exe
Fuse Memory Usage: 34572 KB
Fuse CPU Usage: 577 ms
