Release 14.7 - xst P.20131013 (nt64)
Copyright (c) 1995-2013 Xilinx, Inc.  All rights reserved.
--> Parameter TMPDIR set to xst/projnav.tmp


Total REAL time to Xst completion: 0.00 secs
Total CPU time to Xst completion: 0.10 secs
 
--> Parameter xsthdpdir set to xst


Total REAL time to Xst completion: 0.00 secs
Total CPU time to Xst completion: 0.10 secs
 
--> Reading design: final_sequence_detector.prj

TABLE OF CONTENTS
  1) Synthesis Options Summary
  2) HDL Compilation
  3) Design Hierarchy Analysis
  4) HDL Analysis
  5) HDL Synthesis
     5.1) HDL Synthesis Report
  6) Advanced HDL Synthesis
     6.1) Advanced HDL Synthesis Report
  7) Low Level Synthesis
  8) Partition Report
  9) Final Report
	9.1) Device utilization summary
	9.2) Partition Resource Summary
	9.3) TIMING REPORT


=========================================================================
*                      Synthesis Options Summary                        *
=========================================================================
---- Source Parameters
Input File Name                    : "final_sequence_detector.prj"
Input Format                       : mixed
Ignore Synthesis Constraint File   : NO

---- Target Parameters
Output File Name                   : "final_sequence_detector"
Output Format                      : NGC
Target Device                      : xc3s400-5-pq208

---- Source Options
Top Module Name                    : final_sequence_detector
Automatic FSM Extraction           : YES
FSM Encoding Algorithm             : Auto
Safe Implementation                : No
FSM Style                          : LUT
RAM Extraction                     : Yes
RAM Style                          : Auto
ROM Extraction                     : Yes
Mux Style                          : Auto
Decoder Extraction                 : YES
Priority Encoder Extraction        : Yes
Shift Register Extraction          : YES
Logical Shifter Extraction         : YES
XOR Collapsing                     : YES
ROM Style                          : Auto
Mux Extraction                     : Yes
Resource Sharing                   : YES
Asynchronous To Synchronous        : NO
Multiplier Style                   : Auto
Automatic Register Balancing       : No

---- Target Options
Add IO Buffers                     : YES
Global Maximum Fanout              : 100000
Add Generic Clock Buffer(BUFG)     : 8
Register Duplication               : YES
Slice Packing                      : YES
Optimize Instantiated Primitives   : NO
Use Clock Enable                   : Yes
Use Synchronous Set                : Yes
Use Synchronous Reset              : Yes
Pack IO Registers into IOBs        : Auto
Equivalent register Removal        : YES

---- General Options
Optimization Goal                  : Speed
Optimization Effort                : 1
Keep Hierarchy                     : No
Netlist Hierarchy                  : As_Optimized
RTL Output                         : Yes
Global Optimization                : AllClockNets
Read Cores                         : YES
Write Timing Constraints           : NO
Cross Clock Analysis               : NO
Hierarchy Separator                : /
Bus Delimiter                      : <>
Case Specifier                     : Maintain
Slice Utilization Ratio            : 100
BRAM Utilization Ratio             : 100
Verilog 2001                       : YES
Auto BRAM Packing                  : NO
Slice Utilization Ratio Delta      : 5

=========================================================================


=========================================================================
*                          HDL Compilation                              *
=========================================================================
Compiling vhdl file "C:/Users/Anformatic Golestan/Documents/Computer Architecture Lab/03/9831099_Erfan_Majedi/final_sequence_detector.vhd" in Library work.
Entity <final_sequence_detector> compiled.
Entity <final_sequence_detector> (Architecture <Behavioral>) compiled.

=========================================================================
*                     Design Hierarchy Analysis                         *
=========================================================================
Analyzing hierarchy for entity <final_sequence_detector> in library <work> (architecture <Behavioral>).


=========================================================================
*                            HDL Analysis                               *
=========================================================================
Analyzing Entity <final_sequence_detector> in library <work> (Architecture <Behavioral>).
Entity <final_sequence_detector> analyzed. Unit <final_sequence_detector> generated.


=========================================================================
*                           HDL Synthesis                               *
=========================================================================

Performing bidirectional port resolution...

Synthesizing Unit <final_sequence_detector>.
    Related source file is "C:/Users/Anformatic Golestan/Documents/Computer Architecture Lab/03/9831099_Erfan_Majedi/final_sequence_detector.vhd".
    Found finite state machine <FSM_0> for signal <present_state>.
    -----------------------------------------------------------------------
    | States             | 5                                              |
    | Transitions        | 10                                             |
    | Inputs             | 1                                              |
    | Outputs            | 2                                              |
    | Clock              | Clk                       (rising_edge)        |
    | Reset              | Reset                     (negative)           |
    | Reset type         | synchronous                                    |
    | Reset State        | s0                                             |
    | Power Up State     | s0                                             |
    | Encoding           | automatic                                      |
    | Implementation     | LUT                                            |
    -----------------------------------------------------------------------
    Summary:
	inferred   1 Finite State Machine(s).
Unit <final_sequence_detector> synthesized.


=========================================================================
HDL Synthesis Report

Found no macro
=========================================================================

=========================================================================
*                       Advanced HDL Synthesis                          *
=========================================================================

Analyzing FSM <FSM_0> for best encoding.
Optimizing FSM <present_state/FSM> on signal <present_state[1:5]> with one-hot encoding.
-------------------
 State | Encoding
-------------------
 s0    | 00001
 s1    | 00010
 s2    | 00100
 s3    | 01000
 s4    | 10000
-------------------

=========================================================================
Advanced HDL Synthesis Report

Macro Statistics
# FSMs                                                 : 1

=========================================================================

=========================================================================
*                         Low Level Synthesis                           *
=========================================================================

Optimizing unit <final_sequence_detector> ...

Mapping all equations...
Building and optimizing final netlist ...
Found area constraint ratio of 100 (+ 5) on block final_sequence_detector, actual ratio is 0.

Final Macro Processing ...

=========================================================================
Final Register Report

Macro Statistics
# Registers                                            : 4
 Flip-Flops                                            : 4

=========================================================================

=========================================================================
*                           Partition Report                            *
=========================================================================

Partition Implementation Status
-------------------------------

  No Partitions were found in this design.

-------------------------------

=========================================================================
*                            Final Report                               *
=========================================================================
Final Results
RTL Top Level Output File Name     : final_sequence_detector.ngr
Top Level Output File Name         : final_sequence_detector
Output Format                      : NGC
Optimization Goal                  : Speed
Keep Hierarchy                     : No

Design Statistics
# IOs                              : 4

Cell Usage :
# BELS                             : 6
#      INV                         : 1
#      LUT2                        : 3
#      LUT3                        : 2
# FlipFlops/Latches                : 4
#      FDR                         : 4
# Clock Buffers                    : 1
#      BUFGP                       : 1
# IO Buffers                       : 3
#      IBUF                        : 2
#      OBUF                        : 1
=========================================================================

Device utilization summary:
---------------------------

Selected Device : 3s400pq208-5 

 Number of Slices:                        3  out of   3584     0%  
 Number of Slice Flip Flops:              4  out of   7168     0%  
 Number of 4 input LUTs:                  6  out of   7168     0%  
 Number of IOs:                           4
 Number of bonded IOBs:                   4  out of    141     2%  
 Number of GCLKs:                         1  out of      8    12%  

---------------------------
Partition Resource Summary:
---------------------------

  No Partitions were found in this design.

---------------------------


=========================================================================
TIMING REPORT

NOTE: THESE TIMING NUMBERS ARE ONLY A SYNTHESIS ESTIMATE.
      FOR ACCURATE TIMING INFORMATION PLEASE REFER TO THE TRACE REPORT
      GENERATED AFTER PLACE-and-ROUTE.

Clock Information:
------------------
-----------------------------------+------------------------+-------+
Clock Signal                       | Clock buffer(FF name)  | Load  |
-----------------------------------+------------------------+-------+
Clk                                | BUFGP                  | 4     |
-----------------------------------+------------------------+-------+

Asynchronous Control Signals Information:
----------------------------------------
No asynchronous control signals found in this design

Timing Summary:
---------------
Speed Grade: -5

   Minimum period: 2.222ns (Maximum Frequency: 450.055MHz)
   Minimum input arrival time before clock: 3.546ns
   Maximum output required time after clock: 7.610ns
   Maximum combinational path delay: 7.862ns

Timing Detail:
--------------
All values displayed in nanoseconds (ns)

=========================================================================
Timing constraint: Default period analysis for Clock 'Clk'
  Clock period: 2.222ns (frequency: 450.055MHz)
  Total number of paths / destination ports: 5 / 4
-------------------------------------------------------------------------
Delay:               2.222ns (Levels of Logic = 1)
  Source:            present_state_FSM_FFd3 (FF)
  Destination:       present_state_FSM_FFd1 (FF)
  Source Clock:      Clk rising
  Destination Clock: Clk rising

  Data Path: present_state_FSM_FFd3 to present_state_FSM_FFd1
                                Gate     Net
    Cell:in->out      fanout   Delay   Delay  Logical Name (Net Name)
    ----------------------------------------  ------------
     FDR:C->Q              3   0.626   0.941  present_state_FSM_FFd3 (present_state_FSM_FFd3)
     LUT2:I1->O            1   0.479   0.000  present_state_FSM_FFd4-In1 (present_state_FSM_FFd4-In)
     FDR:D                     0.176          present_state_FSM_FFd4
    ----------------------------------------
    Total                      2.222ns (1.281ns logic, 0.941ns route)
                                       (57.7% logic, 42.3% route)

=========================================================================
Timing constraint: Default OFFSET IN BEFORE for Clock 'Clk'
  Total number of paths / destination ports: 8 / 8
-------------------------------------------------------------------------
Offset:              3.546ns (Levels of Logic = 2)
  Source:            Reset (PAD)
  Destination:       present_state_FSM_FFd1 (FF)
  Destination Clock: Clk rising

  Data Path: Reset to present_state_FSM_FFd1
                                Gate     Net
    Cell:in->out      fanout   Delay   Delay  Logical Name (Net Name)
    ----------------------------------------  ------------
     IBUF:I->O             1   0.715   0.681  Reset_IBUF (Reset_IBUF)
     INV:I->O              4   0.479   0.779  present_state_FSM_Scst_FSM_inv1_INV_0 (present_state_FSM_Scst_FSM_inv)
     FDR:R                     0.892          present_state_FSM_FFd1
    ----------------------------------------
    Total                      3.546ns (2.086ns logic, 1.460ns route)
                                       (58.8% logic, 41.2% route)

=========================================================================
Timing constraint: Default OFFSET OUT AFTER for Clock 'Clk'
  Total number of paths / destination ports: 2 / 1
-------------------------------------------------------------------------
Offset:              7.610ns (Levels of Logic = 2)
  Source:            present_state_FSM_FFd1 (FF)
  Destination:       B (PAD)
  Source Clock:      Clk rising

  Data Path: present_state_FSM_FFd1 to B
                                Gate     Net
    Cell:in->out      fanout   Delay   Delay  Logical Name (Net Name)
    ----------------------------------------  ------------
     FDR:C->Q              2   0.626   0.915  present_state_FSM_FFd1 (present_state_FSM_FFd1)
     LUT3:I1->O            1   0.479   0.681  B1 (B_OBUF)
     OBUF:I->O                 4.909          B_OBUF (B)
    ----------------------------------------
    Total                      7.610ns (6.014ns logic, 1.596ns route)
                                       (79.0% logic, 21.0% route)

=========================================================================
Timing constraint: Default path analysis
  Total number of paths / destination ports: 1 / 1
-------------------------------------------------------------------------
Delay:               7.862ns (Levels of Logic = 3)
  Source:            A (PAD)
  Destination:       B (PAD)

  Data Path: A to B
                                Gate     Net
    Cell:in->out      fanout   Delay   Delay  Logical Name (Net Name)
    ----------------------------------------  ------------
     IBUF:I->O             5   0.715   1.078  A_IBUF (A_IBUF)
     LUT3:I0->O            1   0.479   0.681  B1 (B_OBUF)
     OBUF:I->O                 4.909          B_OBUF (B)
    ----------------------------------------
    Total                      7.862ns (6.103ns logic, 1.759ns route)
                                       (77.6% logic, 22.4% route)

=========================================================================


Total REAL time to Xst completion: 3.00 secs
Total CPU time to Xst completion: 3.00 secs
 
--> 

Total memory usage is 4507056 kilobytes

Number of errors   :    0 (   0 filtered)
Number of warnings :    0 (   0 filtered)
Number of infos    :    0 (   0 filtered)

