Release 14.7 - xst P.20131013 (nt64)
Copyright (c) 1995-2013 Xilinx, Inc.  All rights reserved.
--> Parameter TMPDIR set to xst/projnav.tmp


Total REAL time to Xst completion: 0.00 secs
Total CPU time to Xst completion: 0.12 secs
 
--> Parameter xsthdpdir set to xst


Total REAL time to Xst completion: 0.00 secs
Total CPU time to Xst completion: 0.12 secs
 
--> Reading design: CPU.prj

TABLE OF CONTENTS
  1) Synthesis Options Summary
  2) HDL Parsing
  3) HDL Elaboration
  4) HDL Synthesis
       4.1) HDL Synthesis Report
  5) Advanced HDL Synthesis
       5.1) Advanced HDL Synthesis Report
  6) Low Level Synthesis
  7) Partition Report
  8) Design Summary
       8.1) Primitive and Black Box Usage
       8.2) Device utilization summary
       8.3) Partition Resource Summary
       8.4) Timing Report
            8.4.1) Clock Information
            8.4.2) Asynchronous Control Signals Information
            8.4.3) Timing Summary
            8.4.4) Timing Details
            8.4.5) Cross Clock Domains Report


=========================================================================
*                      Synthesis Options Summary                        *
=========================================================================
---- Source Parameters
Input File Name                    : "CPU.prj"
Ignore Synthesis Constraint File   : NO

---- Target Parameters
Output File Name                   : "CPU"
Output Format                      : NGC
Target Device                      : xc6slx45t-3-fgg484

---- Source Options
Top Module Name                    : CPU
Automatic FSM Extraction           : YES
FSM Encoding Algorithm             : Auto
Safe Implementation                : No
FSM Style                          : LUT
RAM Extraction                     : Yes
RAM Style                          : Auto
ROM Extraction                     : Yes
Shift Register Extraction          : YES
ROM Style                          : Auto
Resource Sharing                   : YES
Asynchronous To Synchronous        : NO
Shift Register Minimum Size        : 2
Use DSP Block                      : Auto
Automatic Register Balancing       : No

---- Target Options
LUT Combining                      : Auto
Reduce Control Sets                : Auto
Add IO Buffers                     : YES
Global Maximum Fanout              : 100000
Add Generic Clock Buffer(BUFG)     : 16
Register Duplication               : YES
Optimize Instantiated Primitives   : NO
Use Clock Enable                   : Auto
Use Synchronous Set                : Auto
Use Synchronous Reset              : Auto
Pack IO Registers into IOBs        : Auto
Equivalent register Removal        : YES

---- General Options
Optimization Goal                  : Speed
Optimization Effort                : 1
Power Reduction                    : NO
Keep Hierarchy                     : No
Netlist Hierarchy                  : As_Optimized
RTL Output                         : Yes
Global Optimization                : AllClockNets
Read Cores                         : YES
Write Timing Constraints           : NO
Cross Clock Analysis               : NO
Hierarchy Separator                : /
Bus Delimiter                      : <>
Case Specifier                     : Maintain
Slice Utilization Ratio            : 100
BRAM Utilization Ratio             : 100
DSP48 Utilization Ratio            : 100
Auto BRAM Packing                  : NO
Slice Utilization Ratio Delta      : 5

=========================================================================


=========================================================================
*                          HDL Parsing                                  *
=========================================================================
Parsing VHDL file "E:\Ev\university\semester 4\CA lib\az9\final\CPU.vhd" into library work
Parsing entity <CPU>.
Parsing architecture <CPU_ARCH> of entity <cpu>.

=========================================================================
*                            HDL Elaboration                            *
=========================================================================

Elaborating entity <CPU> (architecture <CPU_ARCH>) from library <work>.

=========================================================================
*                           HDL Synthesis                               *
=========================================================================

Synthesizing Unit <CPU>.
    Related source file is "E:\Ev\university\semester 4\CA lib\az9\final\CPU.vhd".
    Found 8-bit register for signal <memory<6>>.
    Found 8-bit register for signal <memory<5>>.
    Found 8-bit register for signal <memory<4>>.
    Found 8-bit register for signal <memory<2>>.
    Found 8-bit register for signal <memory<3>>.
    Found 8-bit register for signal <memory<1>>.
    Found 8-bit register for signal <memory<0>>.
    Found 3-bit register for signal <adress>.
    Found 3-bit register for signal <pc>.
    Found 4-bit register for signal <states>.
    Found 9-bit register for signal <akku>.
    Found 8-bit register for signal <memory<7>>.
    Found 1-bit register for signal <hlt>.
    Found 3-bit adder for signal <adreg[2]_GND_6_o_add_1_OUT> created at line 1241.
    Found 9-bit adder for signal <GND_6_o_GND_6_o_add_7_OUT> created at line 61.
    Found 9-bit subtractor for signal <GND_6_o_GND_6_o_sub_9_OUT<8:0>> created at line 62.
    Found 8-bit 8-to-1 multiplexer for signal <pc[2]_memory[7][7]_wide_mux_2_OUT> created at line 53.
    Found 8-bit 8-to-1 multiplexer for signal <adreg[2]_memory[7][7]_wide_mux_3_OUT> created at line 56.
    Found 8-bit 8-to-1 multiplexer for signal <adreg[2]_memory[7][7]_wide_mux_17_OUT> created at line 79.
    Summary:
	inferred   2 Adder/Subtractor(s).
	inferred  84 D-type flip-flop(s).
	inferred  22 Multiplexer(s).
Unit <CPU> synthesized.

=========================================================================
HDL Synthesis Report

Macro Statistics
# Adders/Subtractors                                   : 2
 3-bit adder                                           : 1
 9-bit addsub                                          : 1
# Registers                                            : 13
 1-bit register                                        : 1
 3-bit register                                        : 2
 4-bit register                                        : 1
 8-bit register                                        : 8
 9-bit register                                        : 1
# Multiplexers                                         : 22
 3-bit 2-to-1 multiplexer                              : 5
 4-bit 2-to-1 multiplexer                              : 1
 8-bit 2-to-1 multiplexer                              : 1
 8-bit 8-to-1 multiplexer                              : 3
 9-bit 2-to-1 multiplexer                              : 12
# Xors                                                 : 1
 8-bit xor2                                            : 1

=========================================================================
INFO:Xst:1767 - HDL ADVISOR - Resource sharing has identified that some arithmetic operations in this design can share the same physical resources for reduced device utilization. For improved clock frequency you may try to disable resource sharing.

=========================================================================
*                       Advanced HDL Synthesis                          *
=========================================================================


=========================================================================
Advanced HDL Synthesis Report

Macro Statistics
# Adders/Subtractors                                   : 2
 3-bit adder                                           : 1
 9-bit addsub                                          : 1
# Registers                                            : 84
 Flip-Flops                                            : 84
# Multiplexers                                         : 22
 3-bit 2-to-1 multiplexer                              : 5
 4-bit 2-to-1 multiplexer                              : 1
 8-bit 2-to-1 multiplexer                              : 1
 8-bit 8-to-1 multiplexer                              : 3
 9-bit 2-to-1 multiplexer                              : 12
# Xors                                                 : 1
 8-bit xor2                                            : 1

=========================================================================

=========================================================================
*                         Low Level Synthesis                           *
=========================================================================

Optimizing unit <CPU> ...
WARNING:Xst:1710 - FF/Latch <memory_1_0> (without init value) has a constant value of 0 in block <CPU>. This FF/Latch will be trimmed during the optimization process.
WARNING:Xst:1895 - Due to other FF/Latch trimming, FF/Latch <memory_1_1> (without init value) has a constant value of 1 in block <CPU>. This FF/Latch will be trimmed during the optimization process.
WARNING:Xst:1895 - Due to other FF/Latch trimming, FF/Latch <memory_1_2> (without init value) has a constant value of 1 in block <CPU>. This FF/Latch will be trimmed during the optimization process.
WARNING:Xst:1895 - Due to other FF/Latch trimming, FF/Latch <memory_1_3> (without init value) has a constant value of 1 in block <CPU>. This FF/Latch will be trimmed during the optimization process.
WARNING:Xst:1895 - Due to other FF/Latch trimming, FF/Latch <memory_1_4> (without init value) has a constant value of 1 in block <CPU>. This FF/Latch will be trimmed during the optimization process.
WARNING:Xst:1895 - Due to other FF/Latch trimming, FF/Latch <memory_1_5> (without init value) has a constant value of 0 in block <CPU>. This FF/Latch will be trimmed during the optimization process.
WARNING:Xst:1895 - Due to other FF/Latch trimming, FF/Latch <memory_1_6> (without init value) has a constant value of 0 in block <CPU>. This FF/Latch will be trimmed during the optimization process.
WARNING:Xst:1895 - Due to other FF/Latch trimming, FF/Latch <memory_1_7> (without init value) has a constant value of 0 in block <CPU>. This FF/Latch will be trimmed during the optimization process.
WARNING:Xst:1895 - Due to other FF/Latch trimming, FF/Latch <memory_0_0> (without init value) has a constant value of 1 in block <CPU>. This FF/Latch will be trimmed during the optimization process.
WARNING:Xst:1895 - Due to other FF/Latch trimming, FF/Latch <memory_0_1> (without init value) has a constant value of 1 in block <CPU>. This FF/Latch will be trimmed during the optimization process.
WARNING:Xst:1895 - Due to other FF/Latch trimming, FF/Latch <memory_0_2> (without init value) has a constant value of 1 in block <CPU>. This FF/Latch will be trimmed during the optimization process.
WARNING:Xst:1895 - Due to other FF/Latch trimming, FF/Latch <memory_0_3> (without init value) has a constant value of 0 in block <CPU>. This FF/Latch will be trimmed during the optimization process.
WARNING:Xst:1895 - Due to other FF/Latch trimming, FF/Latch <memory_0_4> (without init value) has a constant value of 0 in block <CPU>. This FF/Latch will be trimmed during the optimization process.
WARNING:Xst:1895 - Due to other FF/Latch trimming, FF/Latch <memory_0_5> (without init value) has a constant value of 0 in block <CPU>. This FF/Latch will be trimmed during the optimization process.
WARNING:Xst:1895 - Due to other FF/Latch trimming, FF/Latch <memory_0_6> (without init value) has a constant value of 0 in block <CPU>. This FF/Latch will be trimmed during the optimization process.
WARNING:Xst:1895 - Due to other FF/Latch trimming, FF/Latch <memory_0_7> (without init value) has a constant value of 0 in block <CPU>. This FF/Latch will be trimmed during the optimization process.
WARNING:Xst:1895 - Due to other FF/Latch trimming, FF/Latch <memory_7_0> (without init value) has a constant value of 0 in block <CPU>. This FF/Latch will be trimmed during the optimization process.
WARNING:Xst:1895 - Due to other FF/Latch trimming, FF/Latch <memory_7_1> (without init value) has a constant value of 1 in block <CPU>. This FF/Latch will be trimmed during the optimization process.
WARNING:Xst:1895 - Due to other FF/Latch trimming, FF/Latch <memory_7_2> (without init value) has a constant value of 0 in block <CPU>. This FF/Latch will be trimmed during the optimization process.
WARNING:Xst:1895 - Due to other FF/Latch trimming, FF/Latch <memory_7_3> (without init value) has a constant value of 0 in block <CPU>. This FF/Latch will be trimmed during the optimization process.
WARNING:Xst:1895 - Due to other FF/Latch trimming, FF/Latch <memory_7_4> (without init value) has a constant value of 1 in block <CPU>. This FF/Latch will be trimmed during the optimization process.
WARNING:Xst:1895 - Due to other FF/Latch trimming, FF/Latch <memory_7_5> (without init value) has a constant value of 1 in block <CPU>. This FF/Latch will be trimmed during the optimization process.
WARNING:Xst:1895 - Due to other FF/Latch trimming, FF/Latch <memory_7_6> (without init value) has a constant value of 1 in block <CPU>. This FF/Latch will be trimmed during the optimization process.
WARNING:Xst:1895 - Due to other FF/Latch trimming, FF/Latch <memory_7_7> (without init value) has a constant value of 0 in block <CPU>. This FF/Latch will be trimmed during the optimization process.
WARNING:Xst:1895 - Due to other FF/Latch trimming, FF/Latch <memory_6_0> (without init value) has a constant value of 1 in block <CPU>. This FF/Latch will be trimmed during the optimization process.
WARNING:Xst:1895 - Due to other FF/Latch trimming, FF/Latch <memory_6_1> (without init value) has a constant value of 1 in block <CPU>. This FF/Latch will be trimmed during the optimization process.
WARNING:Xst:1895 - Due to other FF/Latch trimming, FF/Latch <memory_6_2> (without init value) has a constant value of 1 in block <CPU>. This FF/Latch will be trimmed during the optimization process.
WARNING:Xst:1895 - Due to other FF/Latch trimming, FF/Latch <memory_6_3> (without init value) has a constant value of 1 in block <CPU>. This FF/Latch will be trimmed during the optimization process.
WARNING:Xst:1895 - Due to other FF/Latch trimming, FF/Latch <memory_6_4> (without init value) has a constant value of 1 in block <CPU>. This FF/Latch will be trimmed during the optimization process.
WARNING:Xst:1895 - Due to other FF/Latch trimming, FF/Latch <memory_6_5> (without init value) has a constant value of 1 in block <CPU>. This FF/Latch will be trimmed during the optimization process.
WARNING:Xst:1895 - Due to other FF/Latch trimming, FF/Latch <memory_6_6> (without init value) has a constant value of 1 in block <CPU>. This FF/Latch will be trimmed during the optimization process.
WARNING:Xst:1895 - Due to other FF/Latch trimming, FF/Latch <memory_6_7> (without init value) has a constant value of 1 in block <CPU>. This FF/Latch will be trimmed during the optimization process.
WARNING:Xst:1895 - Due to other FF/Latch trimming, FF/Latch <memory_4_0> (without init value) has a constant value of 1 in block <CPU>. This FF/Latch will be trimmed during the optimization process.
WARNING:Xst:1895 - Due to other FF/Latch trimming, FF/Latch <memory_4_1> (without init value) has a constant value of 1 in block <CPU>. This FF/Latch will be trimmed during the optimization process.
WARNING:Xst:1895 - Due to other FF/Latch trimming, FF/Latch <memory_4_2> (without init value) has a constant value of 0 in block <CPU>. This FF/Latch will be trimmed during the optimization process.
WARNING:Xst:1895 - Due to other FF/Latch trimming, FF/Latch <memory_4_3> (without init value) has a constant value of 0 in block <CPU>. This FF/Latch will be trimmed during the optimization process.
WARNING:Xst:1895 - Due to other FF/Latch trimming, FF/Latch <memory_4_4> (without init value) has a constant value of 0 in block <CPU>. This FF/Latch will be trimmed during the optimization process.
WARNING:Xst:1895 - Due to other FF/Latch trimming, FF/Latch <memory_4_5> (without init value) has a constant value of 1 in block <CPU>. This FF/Latch will be trimmed during the optimization process.
WARNING:Xst:1895 - Due to other FF/Latch trimming, FF/Latch <memory_4_6> (without init value) has a constant value of 1 in block <CPU>. This FF/Latch will be trimmed during the optimization process.
WARNING:Xst:1895 - Due to other FF/Latch trimming, FF/Latch <memory_4_7> (without init value) has a constant value of 1 in block <CPU>. This FF/Latch will be trimmed during the optimization process.
WARNING:Xst:1895 - Due to other FF/Latch trimming, FF/Latch <memory_5_0> (without init value) has a constant value of 0 in block <CPU>. This FF/Latch will be trimmed during the optimization process.
WARNING:Xst:1895 - Due to other FF/Latch trimming, FF/Latch <memory_5_1> (without init value) has a constant value of 0 in block <CPU>. This FF/Latch will be trimmed during the optimization process.
WARNING:Xst:1895 - Due to other FF/Latch trimming, FF/Latch <memory_5_2> (without init value) has a constant value of 0 in block <CPU>. This FF/Latch will be trimmed during the optimization process.
WARNING:Xst:1895 - Due to other FF/Latch trimming, FF/Latch <memory_5_3> (without init value) has a constant value of 1 in block <CPU>. This FF/Latch will be trimmed during the optimization process.
WARNING:Xst:1895 - Due to other FF/Latch trimming, FF/Latch <memory_5_4> (without init value) has a constant value of 1 in block <CPU>. This FF/Latch will be trimmed during the optimization process.
WARNING:Xst:1895 - Due to other FF/Latch trimming, FF/Latch <memory_5_5> (without init value) has a constant value of 0 in block <CPU>. This FF/Latch will be trimmed during the optimization process.
WARNING:Xst:1895 - Due to other FF/Latch trimming, FF/Latch <memory_5_6> (without init value) has a constant value of 0 in block <CPU>. This FF/Latch will be trimmed during the optimization process.
WARNING:Xst:1895 - Due to other FF/Latch trimming, FF/Latch <memory_5_7> (without init value) has a constant value of 1 in block <CPU>. This FF/Latch will be trimmed during the optimization process.
WARNING:Xst:1895 - Due to other FF/Latch trimming, FF/Latch <memory_2_0> (without init value) has a constant value of 1 in block <CPU>. This FF/Latch will be trimmed during the optimization process.
WARNING:Xst:1895 - Due to other FF/Latch trimming, FF/Latch <memory_2_1> (without init value) has a constant value of 0 in block <CPU>. This FF/Latch will be trimmed during the optimization process.
WARNING:Xst:1895 - Due to other FF/Latch trimming, FF/Latch <memory_2_2> (without init value) has a constant value of 1 in block <CPU>. This FF/Latch will be trimmed during the optimization process.
WARNING:Xst:1895 - Due to other FF/Latch trimming, FF/Latch <memory_2_3> (without init value) has a constant value of 0 in block <CPU>. This FF/Latch will be trimmed during the optimization process.
WARNING:Xst:1895 - Due to other FF/Latch trimming, FF/Latch <memory_2_4> (without init value) has a constant value of 0 in block <CPU>. This FF/Latch will be trimmed during the optimization process.
WARNING:Xst:1895 - Due to other FF/Latch trimming, FF/Latch <memory_2_5> (without init value) has a constant value of 0 in block <CPU>. This FF/Latch will be trimmed during the optimization process.
WARNING:Xst:1895 - Due to other FF/Latch trimming, FF/Latch <memory_2_6> (without init value) has a constant value of 1 in block <CPU>. This FF/Latch will be trimmed during the optimization process.
WARNING:Xst:1895 - Due to other FF/Latch trimming, FF/Latch <memory_2_7> (without init value) has a constant value of 0 in block <CPU>. This FF/Latch will be trimmed during the optimization process.
WARNING:Xst:1895 - Due to other FF/Latch trimming, FF/Latch <memory_3_0> (without init value) has a constant value of 0 in block <CPU>. This FF/Latch will be trimmed during the optimization process.
WARNING:Xst:1895 - Due to other FF/Latch trimming, FF/Latch <memory_3_1> (without init value) has a constant value of 1 in block <CPU>. This FF/Latch will be trimmed during the optimization process.
WARNING:Xst:1895 - Due to other FF/Latch trimming, FF/Latch <memory_3_2> (without init value) has a constant value of 0 in block <CPU>. This FF/Latch will be trimmed during the optimization process.
WARNING:Xst:1895 - Due to other FF/Latch trimming, FF/Latch <memory_3_3> (without init value) has a constant value of 1 in block <CPU>. This FF/Latch will be trimmed during the optimization process.
WARNING:Xst:1895 - Due to other FF/Latch trimming, FF/Latch <memory_3_4> (without init value) has a constant value of 1 in block <CPU>. This FF/Latch will be trimmed during the optimization process.
WARNING:Xst:1895 - Due to other FF/Latch trimming, FF/Latch <memory_3_5> (without init value) has a constant value of 1 in block <CPU>. This FF/Latch will be trimmed during the optimization process.
WARNING:Xst:1895 - Due to other FF/Latch trimming, FF/Latch <memory_3_6> (without init value) has a constant value of 0 in block <CPU>. This FF/Latch will be trimmed during the optimization process.
WARNING:Xst:1895 - Due to other FF/Latch trimming, FF/Latch <memory_3_7> (without init value) has a constant value of 1 in block <CPU>. This FF/Latch will be trimmed during the optimization process.

Mapping all equations...
Building and optimizing final netlist ...
Found area constraint ratio of 100 (+ 5) on block CPU, actual ratio is 0.
FlipFlop adreg_0 has been replicated 2 time(s)
FlipFlop pc_0 has been replicated 2 time(s)
FlipFlop states_0 has been replicated 2 time(s)
FlipFlop states_1 has been replicated 1 time(s)
FlipFlop states_2 has been replicated 1 time(s)
FlipFlop states_3 has been replicated 1 time(s)

Final Macro Processing ...

=========================================================================
Final Register Report

Macro Statistics
# Registers                                            : 29
 Flip-Flops                                            : 29

=========================================================================

=========================================================================
*                           Partition Report                            *
=========================================================================

Partition Implementation Status
-------------------------------

  No Partitions were found in this design.

-------------------------------

=========================================================================
*                            Design Summary                             *
=========================================================================

Top Level Output File Name         : CPU.ngc

Primitive and Black Box Usage:
------------------------------
# BELS                             : 105
#      INV                         : 2
#      LUT2                        : 10
#      LUT3                        : 10
#      LUT4                        : 5
#      LUT5                        : 22
#      LUT6                        : 34
#      MUXCY                       : 8
#      MUXF7                       : 4
#      VCC                         : 1
#      XORCY                       : 9
# FlipFlops/Latches                : 29
#      FDCE                        : 29
# Clock Buffers                    : 1
#      BUFGP                       : 1
# IO Buffers                       : 13
#      IBUF                        : 1
#      OBUF                        : 12

Device utilization summary:
---------------------------

Selected Device : 6slx45tfgg484-3 


Slice Logic Utilization: 
 Number of Slice Registers:              29  out of  54576     0%  
 Number of Slice LUTs:                   83  out of  27288     0%  
    Number used as Logic:                83  out of  27288     0%  

Slice Logic Distribution: 
 Number of LUT Flip Flop pairs used:     94
   Number with an unused Flip Flop:      65  out of     94    69%  
   Number with an unused LUT:            11  out of     94    11%  
   Number of fully used LUT-FF pairs:    18  out of     94    19%  
   Number of unique control sets:         4

IO Utilization: 
 Number of IOs:                          14
 Number of bonded IOBs:                  14  out of    296     4%  

Specific Feature Utilization:
 Number of BUFG/BUFGCTRLs:                1  out of     16     6%  

---------------------------
Partition Resource Summary:
---------------------------

  No Partitions were found in this design.

---------------------------


=========================================================================
Timing Report

NOTE: THESE TIMING NUMBERS ARE ONLY A SYNTHESIS ESTIMATE.
      FOR ACCURATE TIMING INFORMATION PLEASE REFER TO THE TRACE REPORT
      GENERATED AFTER PLACE-and-ROUTE.

Clock Information:
------------------
-----------------------------------+------------------------+-------+
Clock Signal                       | Clock buffer(FF name)  | Load  |
-----------------------------------+------------------------+-------+
clk                                | BUFGP                  | 29    |
-----------------------------------+------------------------+-------+

Asynchronous Control Signals Information:
----------------------------------------
No asynchronous control signals found in this design

Timing Summary:
---------------
Speed Grade: -3

   Minimum period: 4.718ns (Maximum Frequency: 211.956MHz)
   Minimum input arrival time before clock: 3.685ns
   Maximum output required time after clock: 4.210ns
   Maximum combinational path delay: No path found

Timing Details:
---------------
All values displayed in nanoseconds (ns)

=========================================================================
Timing constraint: Default period analysis for Clock 'clk'
  Clock period: 4.718ns (frequency: 211.956MHz)
  Total number of paths / destination ports: 1170 / 57
-------------------------------------------------------------------------
Delay:               4.718ns (Levels of Logic = 4)
  Source:            pc_2 (FF)
  Destination:       akku_1 (FF)
  Source Clock:      clk rising
  Destination Clock: clk rising

  Data Path: pc_2 to akku_1
                                Gate     Net
    Cell:in->out      fanout   Delay   Delay  Logical Name (Net Name)
    ----------------------------------------  ------------
     FDCE:C->Q            15   0.447   1.086  pc_2 (pc_2)
     LUT3:I1->O            4   0.203   0.684  Mmux_pc[2]_memory[7][7]_wide_mux_2_OUT_2_f7_1 (pc[2]_memory[7][7]_wide_mux_2_OUT<2>)
     LUT6:I5->O            7   0.205   1.002  Mmux_adreg[2]_pc[2]_mux_5_OUT31 (adreg[2]_pc[2]_mux_5_OUT<2>)
     LUT5:I2->O            1   0.205   0.580  Mmux_states[3]_akku[8]_wide_mux_27_OUT122 (Mmux_states[3]_akku[8]_wide_mux_27_OUT121)
     LUT5:I4->O            1   0.205   0.000  Mmux_states[3]_akku[8]_wide_mux_27_OUT123 (states[3]_akku[8]_wide_mux_27_OUT<7>)
     FDCE:D                    0.102          akku_7
    ----------------------------------------
    Total                      4.718ns (1.367ns logic, 3.351ns route)
                                       (29.0% logic, 71.0% route)

=========================================================================
Timing constraint: Default OFFSET IN BEFORE for Clock 'clk'
  Total number of paths / destination ports: 29 / 29
-------------------------------------------------------------------------
Offset:              3.685ns (Levels of Logic = 2)
  Source:            rst (PAD)
  Destination:       hlt (FF)
  Destination Clock: clk rising

  Data Path: rst to hlt
                                Gate     Net
    Cell:in->out      fanout   Delay   Delay  Logical Name (Net Name)
    ----------------------------------------  ------------
     IBUF:I->O             1   1.222   0.579  rst_IBUF (rst_IBUF)
     INV:I->O             29   0.206   1.249  rst_inv1_INV_0 (rst_inv)
     FDCE:CLR                  0.430          adreg_0
    ----------------------------------------
    Total                      3.685ns (1.858ns logic, 1.827ns route)
                                       (50.4% logic, 49.6% route)

=========================================================================
Timing constraint: Default OFFSET OUT AFTER for Clock 'clk'
  Total number of paths / destination ports: 12 / 12
-------------------------------------------------------------------------
Offset:              4.210ns (Levels of Logic = 1)
  Source:            adreg_0 (FF)
  Destination:       adress<0> (PAD)
  Source Clock:      clk rising

  Data Path: adreg_0 to adress<0>
                                Gate     Net
    Cell:in->out      fanout   Delay   Delay  Logical Name (Net Name)
    ----------------------------------------  ------------
     FDCE:C->Q            25   0.447   1.192  adreg_0 (adreg_0)
     OBUF:I->O                 2.571          adress_0_OBUF (adress<0>)
    ----------------------------------------
    Total                      4.210ns (3.018ns logic, 1.192ns route)
                                       (71.7% logic, 28.3% route)

=========================================================================

Cross Clock Domains Report:
--------------------------

Clock to Setup on destination clock clk
---------------+---------+---------+---------+---------+
               | Src:Rise| Src:Fall| Src:Rise| Src:Fall|
Source Clock   |Dest:Rise|Dest:Rise|Dest:Fall|Dest:Fall|
---------------+---------+---------+---------+---------+
clk            |    4.718|         |         |         |
---------------+---------+---------+---------+---------+

=========================================================================


Total REAL time to Xst completion: 7.00 secs
Total CPU time to Xst completion: 6.78 secs
 
--> 

Total memory usage is 4510280 kilobytes

Number of errors   :    0 (   0 filtered)
Number of warnings :   64 (   0 filtered)
Number of infos    :    1 (   0 filtered)

