Running: C:\Xilinx\14.7\ISE_DS\ISE\bin\nt64\unwrapped\fuse.exe -intstyle ise -incremental -lib secureip -o C:/Users/Anformatic Golestan/Documents/Computer Architecture Lab/09/01/az9/final/CPU_tb_isim_beh.exe -prj C:/Users/Anformatic Golestan/Documents/Computer Architecture Lab/09/01/az9/final/CPU_tb_beh.prj work.CPU_tb 
ISim P.20131013 (signature 0x7708f090)
Number of CPUs detected in this system: 12
Turning on mult-threading, number of parallel sub-compilation jobs: 24 
Determining compilation order of HDL files
Parsing VHDL file "C:/Users/Anformatic Golestan/Documents/Computer Architecture Lab/09/01/az9/final/CPU.vhd" into library work
Parsing VHDL file "C:/Users/Anformatic Golestan/Documents/Computer Architecture Lab/09/01/az9/final/CPU_tb.vhd" into library work
Starting static elaboration
Completed static elaboration
Compiling package standard
Compiling package std_logic_1164
Compiling package std_logic_arith
Compiling package std_logic_unsigned
Compiling package numeric_std
Compiling architecture cpu_arch of entity CPU [cpu_default]
Compiling architecture behavior of entity cpu_tb
Time Resolution for simulation is 1ps.
Compiled 8 VHDL Units
Built simulation executable C:/Users/Anformatic Golestan/Documents/Computer Architecture Lab/09/01/az9/final/CPU_tb_isim_beh.exe
Fuse Memory Usage: 38180 KB
Fuse CPU Usage: 468 ms
