Release 14.7 - xst P.20131013 (nt64)
Copyright (c) 1995-2013 Xilinx, Inc.  All rights reserved.
--> Parameter TMPDIR set to xst/projnav.tmp


Total REAL time to Xst completion: 0.00 secs
Total CPU time to Xst completion: 0.24 secs
 
--> Parameter xsthdpdir set to xst


Total REAL time to Xst completion: 0.00 secs
Total CPU time to Xst completion: 0.24 secs
 
--> Reading design: CAM.prj

TABLE OF CONTENTS
  1) Synthesis Options Summary
  2) HDL Parsing
  3) HDL Elaboration
  4) HDL Synthesis
       4.1) HDL Synthesis Report
  5) Advanced HDL Synthesis
       5.1) Advanced HDL Synthesis Report
  6) Low Level Synthesis
  7) Partition Report
  8) Design Summary
       8.1) Primitive and Black Box Usage
       8.2) Device utilization summary
       8.3) Partition Resource Summary
       8.4) Timing Report
            8.4.1) Clock Information
            8.4.2) Asynchronous Control Signals Information
            8.4.3) Timing Summary
            8.4.4) Timing Details
            8.4.5) Cross Clock Domains Report


=========================================================================
*                      Synthesis Options Summary                        *
=========================================================================
---- Source Parameters
Input File Name                    : "CAM.prj"
Ignore Synthesis Constraint File   : NO

---- Target Parameters
Output File Name                   : "CAM"
Output Format                      : NGC
Target Device                      : xa7a100t-2I-csg324

---- Source Options
Top Module Name                    : CAM
Automatic FSM Extraction           : YES
FSM Encoding Algorithm             : Auto
Safe Implementation                : No
FSM Style                          : LUT
RAM Extraction                     : Yes
RAM Style                          : Auto
ROM Extraction                     : Yes
Shift Register Extraction          : YES
ROM Style                          : Auto
Resource Sharing                   : YES
Asynchronous To Synchronous        : NO
Shift Register Minimum Size        : 2
Use DSP Block                      : Auto
Automatic Register Balancing       : No

---- Target Options
LUT Combining                      : Auto
Reduce Control Sets                : Auto
Add IO Buffers                     : YES
Global Maximum Fanout              : 100000
Add Generic Clock Buffer(BUFG)     : 32
Register Duplication               : YES
Optimize Instantiated Primitives   : NO
Use Clock Enable                   : Auto
Use Synchronous Set                : Auto
Use Synchronous Reset              : Auto
Pack IO Registers into IOBs        : Auto
Equivalent register Removal        : YES

---- General Options
Optimization Goal                  : Speed
Optimization Effort                : 1
Power Reduction                    : NO
Keep Hierarchy                     : No
Netlist Hierarchy                  : As_Optimized
RTL Output                         : Yes
Global Optimization                : AllClockNets
Read Cores                         : YES
Write Timing Constraints           : NO
Cross Clock Analysis               : NO
Hierarchy Separator                : /
Bus Delimiter                      : <>
Case Specifier                     : Maintain
Slice Utilization Ratio            : 100
BRAM Utilization Ratio             : 100
DSP48 Utilization Ratio            : 100
Auto BRAM Packing                  : NO
Slice Utilization Ratio Delta      : 5

=========================================================================


=========================================================================
*                          HDL Parsing                                  *
=========================================================================
Parsing VHDL file "C:\Users\Anformatic Golestan\Documents\Computer Architecture Lab\07\Lab7\CAM.vhd" into library work
Parsing entity <CAM>.
Parsing architecture <rtl> of entity <cam>.

=========================================================================
*                            HDL Elaboration                            *
=========================================================================

Elaborating entity <CAM> (architecture <rtl>) with generics from library <work>.

=========================================================================
*                           HDL Synthesis                               *
=========================================================================

Synthesizing Unit <CAM>.
    Related source file is "C:\Users\Anformatic Golestan\Documents\Computer Architecture Lab\07\Lab7\CAM.vhd".
        W = 16
        C = 3
    Register <match_tmp> equivalent to <match> has been removed
    Found 1-bit register for signal <match>.
    Found 16-bit register for signal <mem<7>>.
    Found 16-bit register for signal <mem<6>>.
    Found 16-bit register for signal <mem<5>>.
    Found 16-bit register for signal <mem<4>>.
    Found 16-bit register for signal <mem<3>>.
    Found 16-bit register for signal <mem<2>>.
    Found 16-bit register for signal <mem<1>>.
    Found 16-bit register for signal <mem<0>>.
    Found 16-bit comparator equal for signal <mem[7][15]_data[15]_equal_8_o> created at line 53
    Summary:
	inferred 129 D-type flip-flop(s).
	inferred   1 Comparator(s).
	inferred   7 Multiplexer(s).
Unit <CAM> synthesized.

=========================================================================
HDL Synthesis Report

Macro Statistics
# Registers                                            : 9
 1-bit register                                        : 1
 16-bit register                                       : 8
# Comparators                                          : 1
 16-bit comparator equal                               : 1
# Multiplexers                                         : 7
 1-bit 2-to-1 multiplexer                              : 7

=========================================================================

=========================================================================
*                       Advanced HDL Synthesis                          *
=========================================================================

WARNING:Xst - The specified part-type was not generated at build time. XST is loading the full part-type and will therefore consume more CPU and memory.
Loading device for application Rf_Device from file '7a100t.nph' in environment C:\Xilinx\14.7\ISE_DS\ISE\.
Loading device for application Rf_Device from file '7a100t.nph' in environment C:\Xilinx\14.7\ISE_DS\ISE\.

=========================================================================
Advanced HDL Synthesis Report

Macro Statistics
# Registers                                            : 129
 Flip-Flops                                            : 129
# Comparators                                          : 1
 16-bit comparator equal                               : 1
# Multiplexers                                         : 7
 1-bit 2-to-1 multiplexer                              : 7

=========================================================================

=========================================================================
*                         Low Level Synthesis                           *
=========================================================================

Optimizing unit <CAM> ...
INFO:Xst:2261 - The FF/Latch <mem_5_0> in Unit <CAM> is equivalent to the following 7 FFs/Latches, which will be removed : <mem_7_0> <mem_6_0> <mem_4_0> <mem_3_0> <mem_2_0> <mem_1_0> <mem_0_0> 
INFO:Xst:2261 - The FF/Latch <mem_5_1> in Unit <CAM> is equivalent to the following 7 FFs/Latches, which will be removed : <mem_7_1> <mem_6_1> <mem_4_1> <mem_3_1> <mem_2_1> <mem_1_1> <mem_0_1> 
INFO:Xst:2261 - The FF/Latch <mem_5_2> in Unit <CAM> is equivalent to the following 7 FFs/Latches, which will be removed : <mem_7_2> <mem_6_2> <mem_4_2> <mem_3_2> <mem_2_2> <mem_1_2> <mem_0_2> 
INFO:Xst:2261 - The FF/Latch <mem_5_3> in Unit <CAM> is equivalent to the following 7 FFs/Latches, which will be removed : <mem_7_3> <mem_6_3> <mem_4_3> <mem_3_3> <mem_2_3> <mem_1_3> <mem_0_3> 
INFO:Xst:2261 - The FF/Latch <mem_5_4> in Unit <CAM> is equivalent to the following 7 FFs/Latches, which will be removed : <mem_7_4> <mem_6_4> <mem_4_4> <mem_3_4> <mem_2_4> <mem_1_4> <mem_0_4> 
INFO:Xst:2261 - The FF/Latch <mem_5_5> in Unit <CAM> is equivalent to the following 7 FFs/Latches, which will be removed : <mem_7_5> <mem_6_5> <mem_4_5> <mem_3_5> <mem_2_5> <mem_1_5> <mem_0_5> 
INFO:Xst:2261 - The FF/Latch <mem_5_6> in Unit <CAM> is equivalent to the following 7 FFs/Latches, which will be removed : <mem_7_6> <mem_6_6> <mem_4_6> <mem_3_6> <mem_2_6> <mem_1_6> <mem_0_6> 
INFO:Xst:2261 - The FF/Latch <mem_5_7> in Unit <CAM> is equivalent to the following 7 FFs/Latches, which will be removed : <mem_7_7> <mem_6_7> <mem_4_7> <mem_3_7> <mem_2_7> <mem_1_7> <mem_0_7> 
INFO:Xst:2261 - The FF/Latch <mem_5_8> in Unit <CAM> is equivalent to the following 7 FFs/Latches, which will be removed : <mem_7_8> <mem_6_8> <mem_4_8> <mem_3_8> <mem_2_8> <mem_1_8> <mem_0_8> 
INFO:Xst:2261 - The FF/Latch <mem_5_9> in Unit <CAM> is equivalent to the following 7 FFs/Latches, which will be removed : <mem_7_9> <mem_6_9> <mem_4_9> <mem_3_9> <mem_2_9> <mem_1_9> <mem_0_9> 
INFO:Xst:2261 - The FF/Latch <mem_5_10> in Unit <CAM> is equivalent to the following 7 FFs/Latches, which will be removed : <mem_7_10> <mem_6_10> <mem_4_10> <mem_3_10> <mem_2_10> <mem_1_10> <mem_0_10> 
INFO:Xst:2261 - The FF/Latch <mem_5_11> in Unit <CAM> is equivalent to the following 7 FFs/Latches, which will be removed : <mem_7_11> <mem_6_11> <mem_4_11> <mem_3_11> <mem_2_11> <mem_1_11> <mem_0_11> 
INFO:Xst:2261 - The FF/Latch <mem_5_12> in Unit <CAM> is equivalent to the following 7 FFs/Latches, which will be removed : <mem_7_12> <mem_6_12> <mem_4_12> <mem_3_12> <mem_2_12> <mem_1_12> <mem_0_12> 
INFO:Xst:2261 - The FF/Latch <mem_5_13> in Unit <CAM> is equivalent to the following 7 FFs/Latches, which will be removed : <mem_7_13> <mem_6_13> <mem_4_13> <mem_3_13> <mem_2_13> <mem_1_13> <mem_0_13> 
INFO:Xst:2261 - The FF/Latch <mem_5_14> in Unit <CAM> is equivalent to the following 7 FFs/Latches, which will be removed : <mem_7_14> <mem_6_14> <mem_4_14> <mem_3_14> <mem_2_14> <mem_1_14> <mem_0_14> 
INFO:Xst:2261 - The FF/Latch <mem_5_15> in Unit <CAM> is equivalent to the following 7 FFs/Latches, which will be removed : <mem_7_15> <mem_6_15> <mem_4_15> <mem_3_15> <mem_2_15> <mem_1_15> <mem_0_15> 

Mapping all equations...
Building and optimizing final netlist ...
Found area constraint ratio of 100 (+ 5) on block CAM, actual ratio is 0.

Final Macro Processing ...

=========================================================================
Final Register Report

Macro Statistics
# Registers                                            : 17
 Flip-Flops                                            : 17

=========================================================================

=========================================================================
*                           Partition Report                            *
=========================================================================

Partition Implementation Status
-------------------------------

  No Partitions were found in this design.

-------------------------------

=========================================================================
*                            Design Summary                             *
=========================================================================

Top Level Output File Name         : CAM.ngc

Primitive and Black Box Usage:
------------------------------
# BELS                             : 38
#      GND                         : 1
#      LUT2                        : 3
#      LUT3                        : 16
#      LUT6                        : 10
#      MUXCY                       : 7
#      VCC                         : 1
# FlipFlops/Latches                : 17
#      FDE                         : 16
#      FDR                         : 1
# Clock Buffers                    : 1
#      BUFGP                       : 1
# IO Buffers                       : 17
#      IBUF                        : 16
#      OBUF                        : 1

Device utilization summary:
---------------------------

Selected Device : xa7a100tcsg324-2i 


Slice Logic Utilization: 
 Number of Slice Registers:              17  out of  126800     0%  
 Number of Slice LUTs:                   29  out of  63400     0%  
    Number used as Logic:                29  out of  63400     0%  

Slice Logic Distribution: 
 Number of LUT Flip Flop pairs used:     30
   Number with an unused Flip Flop:      13  out of     30    43%  
   Number with an unused LUT:             1  out of     30     3%  
   Number of fully used LUT-FF pairs:    16  out of     30    53%  
   Number of unique control sets:         2

IO Utilization: 
 Number of IOs:                          18
 Number of bonded IOBs:                  18  out of    210     8%  

Specific Feature Utilization:
 Number of BUFG/BUFGCTRLs:                1  out of     32     3%  

---------------------------
Partition Resource Summary:
---------------------------

  No Partitions were found in this design.

---------------------------


=========================================================================
Timing Report

NOTE: THESE TIMING NUMBERS ARE ONLY A SYNTHESIS ESTIMATE.
      FOR ACCURATE TIMING INFORMATION PLEASE REFER TO THE TRACE REPORT
      GENERATED AFTER PLACE-and-ROUTE.

Clock Information:
------------------
-----------------------------------+------------------------+-------+
Clock Signal                       | Clock buffer(FF name)  | Load  |
-----------------------------------+------------------------+-------+
clk                                | BUFGP                  | 17    |
-----------------------------------+------------------------+-------+

Asynchronous Control Signals Information:
----------------------------------------
No asynchronous control signals found in this design

Timing Summary:
---------------
Speed Grade: -2

   Minimum period: 2.459ns (Maximum Frequency: 406.628MHz)
   Minimum input arrival time before clock: 1.584ns
   Maximum output required time after clock: 0.801ns
   Maximum combinational path delay: No path found

Timing Details:
---------------
All values displayed in nanoseconds (ns)

=========================================================================
Timing constraint: Default period analysis for Clock 'clk'
  Clock period: 2.459ns (frequency: 406.628MHz)
  Total number of paths / destination ports: 338 / 34
-------------------------------------------------------------------------
Delay:               2.459ns (Levels of Logic = 2)
  Source:            mem_5_1 (FF)
  Destination:       match (FF)
  Source Clock:      clk rising
  Destination Clock: clk rising

  Data Path: mem_5_1 to match
                                Gate     Net
    Cell:in->out      fanout   Delay   Delay  Logical Name (Net Name)
    ----------------------------------------  ------------
     FDE:C->Q              3   0.361   0.765  mem_5_1 (mem_5_1)
     LUT6:I0->O            3   0.097   0.451  mem[7][15]_GND_7_o_equal_23_o<15>1 (mem[0][15]_GND_7_o_equal_9_o<15>)
     LUT6:I4->O            1   0.097   0.339  _n0080_inv1 (_n0080_inv)
     FDR:R                     0.349          match
    ----------------------------------------
    Total                      2.459ns (0.904ns logic, 1.555ns route)
                                       (36.8% logic, 63.2% route)

=========================================================================
Timing constraint: Default OFFSET IN BEFORE for Clock 'clk'
  Total number of paths / destination ports: 32 / 17
-------------------------------------------------------------------------
Offset:              1.584ns (Levels of Logic = 9)
  Source:            data<0> (PAD)
  Destination:       match (FF)
  Destination Clock: clk rising

  Data Path: data<0> to match
                                Gate     Net
    Cell:in->out      fanout   Delay   Delay  Logical Name (Net Name)
    ----------------------------------------  ------------
     IBUF:I->O             2   0.001   0.748  data_0_IBUF (data_0_IBUF)
     LUT6:I1->O            1   0.097   0.000  Mcompar_mem[7][15]_data[15]_equal_8_o_lut<0> (Mcompar_mem[7][15]_data[15]_equal_8_o_lut<0>)
     MUXCY:S->O            1   0.353   0.000  Mcompar_mem[7][15]_data[15]_equal_8_o_cy<0> (Mcompar_mem[7][15]_data[15]_equal_8_o_cy<0>)
     MUXCY:CI->O           1   0.023   0.000  Mcompar_mem[7][15]_data[15]_equal_8_o_cy<1> (Mcompar_mem[7][15]_data[15]_equal_8_o_cy<1>)
     MUXCY:CI->O           1   0.023   0.000  Mcompar_mem[7][15]_data[15]_equal_8_o_cy<2> (Mcompar_mem[7][15]_data[15]_equal_8_o_cy<2>)
     MUXCY:CI->O           1   0.023   0.000  Mcompar_mem[7][15]_data[15]_equal_8_o_cy<3> (Mcompar_mem[7][15]_data[15]_equal_8_o_cy<3>)
     MUXCY:CI->O           1   0.023   0.000  Mcompar_mem[7][15]_data[15]_equal_8_o_cy<4> (Mcompar_mem[7][15]_data[15]_equal_8_o_cy<4>)
     MUXCY:CI->O           1   0.023   0.000  Mcompar_mem[7][15]_data[15]_equal_8_o_cy<5> (mem[7][15]_data[15]_equal_8_o)
     MUXCY:CI->O           1   0.262   0.000  Mmux_mem[7][15]_mem[7][15]_MUX_33_o11_cy (mem[7][15]_mem[7][15]_MUX_33_o)
     FDR:D                     0.008          match
    ----------------------------------------
    Total                      1.584ns (0.836ns logic, 0.748ns route)
                                       (52.8% logic, 47.2% route)

=========================================================================
Timing constraint: Default OFFSET OUT AFTER for Clock 'clk'
  Total number of paths / destination ports: 1 / 1
-------------------------------------------------------------------------
Offset:              0.801ns (Levels of Logic = 1)
  Source:            match (FF)
  Destination:       match (PAD)
  Source Clock:      clk rising

  Data Path: match to match
                                Gate     Net
    Cell:in->out      fanout   Delay   Delay  Logical Name (Net Name)
    ----------------------------------------  ------------
     FDR:C->Q             19   0.361   0.440  match (match_OBUF)
     OBUF:I->O                 0.000          match_OBUF (match)
    ----------------------------------------
    Total                      0.801ns (0.361ns logic, 0.440ns route)
                                       (45.1% logic, 54.9% route)

=========================================================================

Cross Clock Domains Report:
--------------------------

Clock to Setup on destination clock clk
---------------+---------+---------+---------+---------+
               | Src:Rise| Src:Fall| Src:Rise| Src:Fall|
Source Clock   |Dest:Rise|Dest:Rise|Dest:Fall|Dest:Fall|
---------------+---------+---------+---------+---------+
clk            |    2.459|         |         |         |
---------------+---------+---------+---------+---------+

=========================================================================


Total REAL time to Xst completion: 56.00 secs
Total CPU time to Xst completion: 55.74 secs
 
--> 

Total memory usage is 5036368 kilobytes

Number of errors   :    0 (   0 filtered)
Number of warnings :    1 (   0 filtered)
Number of infos    :   16 (   0 filtered)

