--------------------------------------------------------------------------------
Release 14.7 Trace  (nt64)
Copyright (c) 1995-2013 Xilinx, Inc.  All rights reserved.

C:\Xilinx\14.7\ISE_DS\ISE\bin\nt64\unwrapped\trce.exe -intstyle ise -v 3 -s 3
-n 3 -fastpaths -xml control_unit.twx control_unit.ncd -o control_unit.twr
control_unit.pcf

Design file:              control_unit.ncd
Physical constraint file: control_unit.pcf
Device,package,speed:     xc6slx45t,fgg484,C,-3 (PRODUCTION 1.23 2013-10-13)
Report level:             verbose report

Environment Variable      Effect 
--------------------      ------ 
NONE                      No environment variables were set
--------------------------------------------------------------------------------

INFO:Timing:2698 - No timing constraints found, doing default enumeration.
INFO:Timing:3412 - To improve timing, see the Timing Closure User Guide (UG612).
INFO:Timing:2752 - To get complete path coverage, use the unconstrained paths 
   option. All paths that are not constrained will be reported in the 
   unconstrained paths section(s) of the report.
INFO:Timing:3339 - The clock-to-out numbers in this timing report are based on 
   a 50 Ohm transmission line loading model.  For the details of this model, 
   and for more information on accounting for different loading conditions, 
   please see the device datasheet.



Data Sheet report:
-----------------
All values displayed in nanoseconds (ns)

Pad to Pad
---------------+---------------+---------+
Source Pad     |Destination Pad|  Delay  |
---------------+---------------+---------+
IR<12>         |controls<7>    |   12.546|
IR<12>         |controls<9>    |   12.505|
IR<12>         |controls<10>   |   13.973|
IR<12>         |controls<13>   |   13.180|
IR<12>         |controls<15>   |   12.981|
IR<12>         |controls<17>   |   14.153|
IR<12>         |controls<18>   |   12.783|
IR<12>         |controls<19>   |   13.167|
IR<12>         |controls<20>   |   13.980|
IR<12>         |controls<21>   |   13.992|
IR<13>         |controls<7>    |   12.345|
IR<13>         |controls<9>    |   12.304|
IR<13>         |controls<10>   |   13.772|
IR<13>         |controls<13>   |   12.979|
IR<13>         |controls<15>   |   12.780|
IR<13>         |controls<17>   |   13.952|
IR<13>         |controls<18>   |   12.582|
IR<13>         |controls<19>   |   12.966|
IR<13>         |controls<20>   |   13.779|
IR<13>         |controls<21>   |   13.791|
IR<14>         |controls<7>    |   12.513|
IR<14>         |controls<9>    |   12.472|
IR<14>         |controls<10>   |   13.940|
IR<14>         |controls<13>   |   13.147|
IR<14>         |controls<15>   |   12.948|
IR<14>         |controls<17>   |   14.120|
IR<14>         |controls<18>   |   12.750|
IR<14>         |controls<19>   |   13.134|
IR<14>         |controls<20>   |   13.947|
IR<14>         |controls<21>   |   13.959|
---------------+---------------+---------+


Analysis completed Wed Jun 23 14:00:00 2021 
--------------------------------------------------------------------------------

Trace Settings:
-------------------------
Trace Settings 

Peak Memory Usage: 4601 MB



