Release 14.7 - xst P.20131013 (nt64)
Copyright (c) 1995-2013 Xilinx, Inc.  All rights reserved.
--> Parameter TMPDIR set to xst/projnav.tmp


Total REAL time to Xst completion: 1.00 secs
Total CPU time to Xst completion: 0.10 secs
 
--> Parameter xsthdpdir set to xst


Total REAL time to Xst completion: 1.00 secs
Total CPU time to Xst completion: 0.10 secs
 
--> Reading design: control_unit.prj

TABLE OF CONTENTS
  1) Synthesis Options Summary
  2) HDL Parsing
  3) HDL Elaboration
  4) HDL Synthesis
       4.1) HDL Synthesis Report
  5) Advanced HDL Synthesis
       5.1) Advanced HDL Synthesis Report
  6) Low Level Synthesis
  7) Partition Report
  8) Design Summary
       8.1) Primitive and Black Box Usage
       8.2) Device utilization summary
       8.3) Partition Resource Summary
       8.4) Timing Report
            8.4.1) Clock Information
            8.4.2) Asynchronous Control Signals Information
            8.4.3) Timing Summary
            8.4.4) Timing Details
            8.4.5) Cross Clock Domains Report


=========================================================================
*                      Synthesis Options Summary                        *
=========================================================================
---- Source Parameters
Input File Name                    : "control_unit.prj"
Ignore Synthesis Constraint File   : NO

---- Target Parameters
Output File Name                   : "control_unit"
Output Format                      : NGC
Target Device                      : xc6slx45t-3-fgg484

---- Source Options
Top Module Name                    : control_unit
Automatic FSM Extraction           : YES
FSM Encoding Algorithm             : Auto
Safe Implementation                : No
FSM Style                          : LUT
RAM Extraction                     : Yes
RAM Style                          : Auto
ROM Extraction                     : Yes
Shift Register Extraction          : YES
ROM Style                          : Auto
Resource Sharing                   : YES
Asynchronous To Synchronous        : NO
Shift Register Minimum Size        : 2
Use DSP Block                      : Auto
Automatic Register Balancing       : No

---- Target Options
LUT Combining                      : Auto
Reduce Control Sets                : Auto
Add IO Buffers                     : YES
Global Maximum Fanout              : 100000
Add Generic Clock Buffer(BUFG)     : 16
Register Duplication               : YES
Optimize Instantiated Primitives   : NO
Use Clock Enable                   : Auto
Use Synchronous Set                : Auto
Use Synchronous Reset              : Auto
Pack IO Registers into IOBs        : Auto
Equivalent register Removal        : YES

---- General Options
Optimization Goal                  : Speed
Optimization Effort                : 1
Power Reduction                    : NO
Keep Hierarchy                     : No
Netlist Hierarchy                  : As_Optimized
RTL Output                         : Yes
Global Optimization                : AllClockNets
Read Cores                         : YES
Write Timing Constraints           : NO
Cross Clock Analysis               : NO
Hierarchy Separator                : /
Bus Delimiter                      : <>
Case Specifier                     : Maintain
Slice Utilization Ratio            : 100
BRAM Utilization Ratio             : 100
DSP48 Utilization Ratio            : 100
Auto BRAM Packing                  : NO
Slice Utilization Ratio Delta      : 5

=========================================================================


=========================================================================
*                          HDL Parsing                                  *
=========================================================================
Parsing VHDL file "C:\Users\Anformatic Golestan\Documents\Computer Architecture Lab\09\02\az9_2\CPU\seq_counter.vhd" into library work
Parsing entity <sequence_counter>.
Parsing architecture <Behavioral> of entity <sequence_counter>.
Parsing VHDL file "C:\Users\Anformatic Golestan\Documents\Computer Architecture Lab\09\02\az9_2\CPU\dec4_16.vhd" into library work
Parsing entity <decoder4_16>.
Parsing architecture <Behavioral> of entity <decoder4_16>.
Parsing VHDL file "C:\Users\Anformatic Golestan\Documents\Computer Architecture Lab\09\02\az9_2\CPU\dec3_8.vhd" into library work
Parsing entity <decoder3_8>.
Parsing architecture <Behavioral> of entity <decoder3_8>.
Parsing VHDL file "C:\Users\Anformatic Golestan\Documents\Computer Architecture Lab\09\02\az9_2\CPU\control_unit.vhd" into library work
Parsing entity <control_unit>.
Parsing architecture <Behavioral> of entity <control_unit>.

=========================================================================
*                            HDL Elaboration                            *
=========================================================================

Elaborating entity <control_unit> (architecture <Behavioral>) from library <work>.

Elaborating entity <sequence_counter> (architecture <Behavioral>) from library <work>.
WARNING:HDLCompiler:92 - "C:\Users\Anformatic Golestan\Documents\Computer Architecture Lab\09\02\az9_2\CPU\seq_counter.vhd" Line 18: clr should be on the sensitivity list of the process
WARNING:HDLCompiler:92 - "C:\Users\Anformatic Golestan\Documents\Computer Architecture Lab\09\02\az9_2\CPU\seq_counter.vhd" Line 21: tmp should be on the sensitivity list of the process

Elaborating entity <decoder4_16> (architecture <Behavioral>) from library <work>.
INFO:HDLCompiler:679 - "C:\Users\Anformatic Golestan\Documents\Computer Architecture Lab\09\02\az9_2\CPU\dec4_16.vhd" Line 33. Case statement is complete. others clause is never selected

Elaborating entity <decoder3_8> (architecture <Behavioral>) from library <work>.
INFO:HDLCompiler:679 - "C:\Users\Anformatic Golestan\Documents\Computer Architecture Lab\09\02\az9_2\CPU\dec3_8.vhd" Line 26. Case statement is complete. others clause is never selected

=========================================================================
*                           HDL Synthesis                               *
=========================================================================

Synthesizing Unit <control_unit>.
    Related source file is "C:\Users\Anformatic Golestan\Documents\Computer Architecture Lab\09\02\az9_2\CPU\control_unit.vhd".
WARNING:Xst:647 - Input <IR<11:0>> is never used. This port will be preserved and left unconnected if it belongs to a top-level block or it belongs to a sub-block and the hierarchy of this sub-block is preserved.
WARNING:Xst:647 - Input <IR<15:15>> is never used. This port will be preserved and left unconnected if it belongs to a top-level block or it belongs to a sub-block and the hierarchy of this sub-block is preserved.
    Summary:
	inferred  14 Multiplexer(s).
Unit <control_unit> synthesized.

Synthesizing Unit <sequence_counter>.
    Related source file is "C:\Users\Anformatic Golestan\Documents\Computer Architecture Lab\09\02\az9_2\CPU\seq_counter.vhd".
WARNING:Xst:647 - Input <CLK> is never used. This port will be preserved and left unconnected if it belongs to a top-level block or it belongs to a sub-block and the hierarchy of this sub-block is preserved.
    Found 4-bit adder for signal <tmp[3]_GND_6_o_add_0_OUT> created at line 21.
    Summary:
	inferred   1 Adder/Subtractor(s).
	inferred   1 Multiplexer(s).
Unit <sequence_counter> synthesized.

Synthesizing Unit <decoder4_16>.
    Related source file is "C:\Users\Anformatic Golestan\Documents\Computer Architecture Lab\09\02\az9_2\CPU\dec4_16.vhd".
    Found 16x16-bit Read Only RAM for signal <output>
    Summary:
	inferred   1 RAM(s).
Unit <decoder4_16> synthesized.

Synthesizing Unit <decoder3_8>.
    Related source file is "C:\Users\Anformatic Golestan\Documents\Computer Architecture Lab\09\02\az9_2\CPU\dec3_8.vhd".
    Found 8x8-bit Read Only RAM for signal <output>
    Summary:
	inferred   1 RAM(s).
Unit <decoder3_8> synthesized.

=========================================================================
HDL Synthesis Report

Macro Statistics
# RAMs                                                 : 2
 16x16-bit single-port Read Only RAM                   : 1
 8x8-bit single-port Read Only RAM                     : 1
# Adders/Subtractors                                   : 1
 4-bit adder                                           : 1
# Multiplexers                                         : 15
 1-bit 2-to-1 multiplexer                              : 7
 22-bit 2-to-1 multiplexer                             : 7
 4-bit 2-to-1 multiplexer                              : 1

=========================================================================

=========================================================================
*                       Advanced HDL Synthesis                          *
=========================================================================


Synthesizing (advanced) Unit <decoder3_8>.
INFO:Xst:3218 - HDL ADVISOR - The RAM <Mram_output> will be implemented on LUTs either because you have described an asynchronous read or because of currently unsupported block RAM features. If you have described an asynchronous read, making it synchronous would allow you to take advantage of available block RAM resources, for optimized device usage and improved timings. Please refer to your documentation for coding guidelines.
    -----------------------------------------------------------------------
    | ram_type           | Distributed                         |          |
    -----------------------------------------------------------------------
    | Port A                                                              |
    |     aspect ratio   | 8-word x 8-bit                      |          |
    |     weA            | connected to signal <GND>           | high     |
    |     addrA          | connected to signal <input>         |          |
    |     diA            | connected to signal <GND>           |          |
    |     doA            | connected to signal <output>        |          |
    -----------------------------------------------------------------------
Unit <decoder3_8> synthesized (advanced).

Synthesizing (advanced) Unit <decoder4_16>.
INFO:Xst:3218 - HDL ADVISOR - The RAM <Mram_output> will be implemented on LUTs either because you have described an asynchronous read or because of currently unsupported block RAM features. If you have described an asynchronous read, making it synchronous would allow you to take advantage of available block RAM resources, for optimized device usage and improved timings. Please refer to your documentation for coding guidelines.
    -----------------------------------------------------------------------
    | ram_type           | Distributed                         |          |
    -----------------------------------------------------------------------
    | Port A                                                              |
    |     aspect ratio   | 16-word x 16-bit                    |          |
    |     weA            | connected to signal <GND>           | high     |
    |     addrA          | connected to signal <input>         |          |
    |     diA            | connected to signal <GND>           |          |
    |     doA            | connected to signal <output>        |          |
    -----------------------------------------------------------------------
Unit <decoder4_16> synthesized (advanced).

=========================================================================
Advanced HDL Synthesis Report

Macro Statistics
# RAMs                                                 : 2
 16x16-bit single-port distributed Read Only RAM       : 1
 8x8-bit single-port distributed Read Only RAM         : 1
# Adders/Subtractors                                   : 1
 4-bit adder                                           : 1
# Multiplexers                                         : 15
 1-bit 2-to-1 multiplexer                              : 7
 22-bit 2-to-1 multiplexer                             : 7
 4-bit 2-to-1 multiplexer                              : 1

=========================================================================

=========================================================================
*                         Low Level Synthesis                           *
=========================================================================
WARNING:Xst:2170 - Unit control_unit : the following signal(s) form a combinatorial loop: D[0]_T[4]_AND_1_o, CLR, SC<0>, T<4>, controls<21>.
WARNING:Xst:2170 - Unit control_unit : the following signal(s) form a combinatorial loop: SC<1>, controls<20>, T<5>, seq_counter/tmp[3]_GND_6_o_add_0_OUT<1>, D[0]_T[5]_AND_2_o.
WARNING:Xst:2170 - Unit control_unit : the following signal(s) form a combinatorial loop: SC<0>.

Optimizing unit <control_unit> ...

Mapping all equations...
Building and optimizing final netlist ...
Found area constraint ratio of 100 (+ 5) on block control_unit, actual ratio is 0.

Final Macro Processing ...

=========================================================================
Final Register Report

Found no macro
=========================================================================

=========================================================================
*                           Partition Report                            *
=========================================================================

Partition Implementation Status
-------------------------------

  No Partitions were found in this design.

-------------------------------

=========================================================================
*                            Design Summary                             *
=========================================================================

Top Level Output File Name         : control_unit.ngc

Primitive and Black Box Usage:
------------------------------
# BELS                             : 14
#      GND                         : 1
#      LUT2                        : 1
#      LUT3                        : 2
#      LUT4                        : 2
#      LUT5                        : 8
# IO Buffers                       : 25
#      IBUF                        : 3
#      OBUF                        : 22

Device utilization summary:
---------------------------

Selected Device : 6slx45tfgg484-3 


Slice Logic Utilization: 
 Number of Slice LUTs:                   13  out of  27288     0%  
    Number used as Logic:                13  out of  27288     0%  

Slice Logic Distribution: 
 Number of LUT Flip Flop pairs used:     13
   Number with an unused Flip Flop:      13  out of     13   100%  
   Number with an unused LUT:             0  out of     13     0%  
   Number of fully used LUT-FF pairs:     0  out of     13     0%  
   Number of unique control sets:         0

IO Utilization: 
 Number of IOs:                          39
 Number of bonded IOBs:                  25  out of    296     8%  

Specific Feature Utilization:

---------------------------
Partition Resource Summary:
---------------------------

  No Partitions were found in this design.

---------------------------


=========================================================================
Timing Report

NOTE: THESE TIMING NUMBERS ARE ONLY A SYNTHESIS ESTIMATE.
      FOR ACCURATE TIMING INFORMATION PLEASE REFER TO THE TRACE REPORT
      GENERATED AFTER PLACE-and-ROUTE.

Clock Information:
------------------
No clock signals found in this design

Asynchronous Control Signals Information:
----------------------------------------
No asynchronous control signals found in this design

Timing Summary:
---------------
Speed Grade: -3

   Minimum period: No path found
   Minimum input arrival time before clock: No path found
   Maximum output required time after clock: No path found
   Maximum combinational path delay: 8.102ns

Timing Details:
---------------
All values displayed in nanoseconds (ns)

=========================================================================
Timing constraint: Default path analysis
  Total number of paths / destination ports: 46 / 8
-------------------------------------------------------------------------
Delay:               8.102ns (Levels of Logic = 5)
  Source:            IR<14> (PAD)
  Destination:       controls<7> (PAD)

  Data Path: IR<14> to controls<7>
                                Gate     Net
    Cell:in->out      fanout   Delay   Delay  Logical Name (Net Name)
    ----------------------------------------  ------------
     IBUF:I->O             8   1.222   1.050  IR_14_IBUF (IR_14_IBUF)
     LUT5:I1->O            5   0.203   0.819  Mmux_CLR11 (CLR)
     LUT2:I0->O           12   0.203   1.253  seq_counter/Mmux_tmp11 (SC<0>)
     LUT5:I0->O            1   0.203   0.579  Mmux_controls81 (controls_7_OBUF)
     OBUF:I->O                 2.571          controls_7_OBUF (controls<7>)
    ----------------------------------------
    Total                      8.102ns (4.402ns logic, 3.700ns route)
                                       (54.3% logic, 45.7% route)

=========================================================================

Cross Clock Domains Report:
--------------------------

=========================================================================


Total REAL time to Xst completion: 4.00 secs
Total CPU time to Xst completion: 3.63 secs
 
--> 

Total memory usage is 4501672 kilobytes

Number of errors   :    0 (   0 filtered)
Number of warnings :    8 (   0 filtered)
Number of infos    :    2 (   0 filtered)

