Running: C:\Xilinx\14.7\ISE_DS\ISE\bin\nt64\unwrapped\fuse.exe -intstyle ise -incremental -lib secureip -o C:/Users/Anformatic Golestan/Documents/Computer Architecture Lab/08/div_tb_isim_beh.exe -prj C:/Users/Anformatic Golestan/Documents/Computer Architecture Lab/08/div_tb_beh.prj work.div_tb 
ISim P.20131013 (signature 0x7708f090)
Number of CPUs detected in this system: 12
Turning on mult-threading, number of parallel sub-compilation jobs: 24 
Determining compilation order of HDL files
Parsing VHDL file "C:/Users/Anformatic Golestan/Documents/Computer Architecture Lab/08/divider.vhd" into library work
Parsing VHDL file "C:/Users/Anformatic Golestan/Documents/Computer Architecture Lab/08/div_tb.vhd" into library work
Starting static elaboration
Completed static elaboration
Compiling package standard
Compiling package std_logic_1164
Compiling package numeric_std
Compiling package std_logic_arith
Compiling package std_logic_unsigned
Compiling architecture behavioral of entity divider [divider_default]
Compiling architecture behavior of entity div_tb
Time Resolution for simulation is 1ps.
Compiled 8 VHDL Units
Built simulation executable C:/Users/Anformatic Golestan/Documents/Computer Architecture Lab/08/div_tb_isim_beh.exe
Fuse Memory Usage: 37812 KB
Fuse CPU Usage: 421 ms
